\BOOKMARK [0][-]{chapter.1}{\376\377\000I\000n\000t\000r\000o\000d\000u\000c\000t\000i\000o\000n}{}% 1
\BOOKMARK [0][-]{chapter.2}{\376\377\000C\000o\000n\000t\000i\000n\000u\000o\000u\000s\000\040\000V\000a\000r\000i\000a\000b\000l\000e\000s\000\040\000S\000t\000a\000t\000e\000s}{}% 2
\BOOKMARK [1][-]{section.2.1}{\376\377\000P\000r\000e\000l\000i\000m\000i\000n\000a\000r\000i\000e\000s\000\040\000o\000n\000\040\000q\000u\000a\000n\000t\000u\000m\000\040\000m\000e\000c\000h\000a\000n\000i\000c\000s}{chapter.2}% 3
\BOOKMARK [2][-]{subsection.2.1.1}{\376\377\000P\000o\000s\000t\000u\000l\000a\000t\000e\000s}{section.2.1}% 4
\BOOKMARK [2][-]{subsection.2.1.2}{\376\377\000T\000h\000e\000\040\000d\000e\000n\000s\000i\000t\000y\000\040\000o\000p\000e\000r\000a\000t\000o\000r}{section.2.1}% 5
\BOOKMARK [1][-]{section.2.2}{\376\377\000C\000o\000n\000t\000i\000n\000u\000o\000u\000s\000-\000V\000a\000r\000i\000a\000b\000l\000e\000s\000\040\000Q\000u\000a\000n\000t\000u\000m\000\040\000S\000y\000s\000t\000e\000m\000s}{chapter.2}% 6
\BOOKMARK [2][-]{subsection.2.2.1}{\376\377\000H\000i\000l\000b\000e\000r\000t\000\040\000s\000p\000a\000c\000e}{section.2.2}% 7
\BOOKMARK [2][-]{subsection.2.2.2}{\376\377\000P\000h\000a\000s\000e\000\040\000s\000p\000a\000c\000e}{section.2.2}% 8
\BOOKMARK [1][-]{section.2.3}{\376\377\000G\000a\000u\000s\000s\000i\000a\000n\000\040\000S\000t\000a\000t\000e\000s}{chapter.2}% 9
\BOOKMARK [2][-]{subsection.2.3.1}{\376\377\000C\000o\000h\000e\000r\000e\000n\000t\000\040\000s\000t\000a\000t\000e}{section.2.3}% 10
\BOOKMARK [2][-]{subsection.2.3.2}{\376\377\000S\000q\000u\000e\000e\000z\000e\000d\000\040\000s\000t\000a\000t\000e}{section.2.3}% 11
\BOOKMARK [1][-]{section.2.4}{\376\377\000N\000o\000n\000-\000G\000a\000u\000s\000s\000i\000a\000n\000\040\000S\000t\000a\000t\000e\000s}{chapter.2}% 12
\BOOKMARK [2][-]{subsection.2.4.1}{\376\377\000P\000h\000o\000t\000o\000n\000\040\000a\000d\000d\000e\000d\000\040\000s\000t\000a\000t\000e\000s}{section.2.4}% 13
\BOOKMARK [2][-]{subsection.2.4.2}{\376\377\000P\000h\000o\000t\000o\000n\000\040\000s\000u\000b\000t\000r\000a\000c\000t\000e\000d\000\040\000s\000t\000a\000t\000e\000s}{section.2.4}% 14
\BOOKMARK [0][-]{chapter.3}{\376\377\000Q\000u\000a\000n\000t\000u\000m\000\040\000C\000o\000m\000m\000u\000n\000i\000c\000a\000t\000i\000o\000n\000\040\000S\000y\000s\000t\000e\000m\000s}{}% 15
\BOOKMARK [1][-]{section.3.1}{\376\377\000Q\000u\000a\000n\000t\000u\000m\000\040\000C\000o\000m\000m\000u\000n\000i\000c\000a\000t\000i\000o\000n\000\040\000S\000y\000s\000t\000e\000m}{chapter.3}% 16
\BOOKMARK [1][-]{section.3.2}{\376\377\000Q\000u\000a\000n\000t\000u\000m\000\040\000M\000o\000d\000u\000l\000a\000t\000i\000o\000n\000s}{chapter.3}% 17
\BOOKMARK [2][-]{subsection.3.2.1}{\376\377\000O\000O\000K\000\040\000m\000o\000d\000u\000l\000a\000t\000i\000o\000n\000s}{section.3.2}% 18
\BOOKMARK [2][-]{subsection.3.2.2}{\376\377\000B\000P\000S\000K\000\040\000m\000o\000d\000u\000l\000a\000t\000i\000o\000n\000s}{section.3.2}% 19
\BOOKMARK [1][-]{section.3.3}{\376\377\000Q\000u\000a\000n\000t\000u\000m\000\040\000R\000e\000c\000e\000i\000v\000e\000r}{chapter.3}% 20
\BOOKMARK [2][-]{subsection.3.3.1}{\376\377\000B\000i\000n\000a\000r\000y\000\040\000c\000a\000s\000e}{section.3.3}% 21
\BOOKMARK [2][-]{subsection.3.3.2}{\376\377\000O\000p\000t\000i\000m\000a\000l\000\040\000b\000i\000n\000a\000r\000y\000\040\000r\000e\000c\000e\000i\000v\000e\000r}{section.3.3}% 22
\BOOKMARK [0][-]{chapter.4}{\376\377\000P\000e\000r\000f\000o\000r\000m\000a\000n\000c\000e\000\040\000A\000n\000a\000l\000y\000s\000i\000s}{}% 23
\BOOKMARK [1][-]{section.4.1}{\376\377\000Q\000u\000a\000n\000t\000u\000m\000\040\000c\000o\000m\000m\000u\000n\000i\000c\000a\000t\000i\000o\000n\000\040\000s\000y\000s\000t\000e\000m\000s\000\040\000w\000i\000t\000h\000\040\000P\000A\000C\000S\000s}{chapter.4}% 24
\BOOKMARK [2][-]{subsection.4.1.1}{\376\377\000Q\000u\000a\000n\000t\000u\000m\000\040\000O\000O\000K}{section.4.1}% 25
\BOOKMARK [2][-]{subsection.4.1.2}{\376\377\000Q\000u\000a\000n\000t\000u\000m\000\040\000B\000P\000S\000K\000\040\000P\000A\000C\000S\000\040\000s\000y\000s\000t\000e\000m}{section.4.1}% 26
\BOOKMARK [1][-]{section.4.2}{\376\377\000Q\000u\000a\000n\000t\000u\000m\000\040\000c\000o\000m\000m\000u\000n\000i\000c\000a\000t\000i\000o\000n\000\040\000s\000y\000s\000t\000e\000m\000s\000\040\000w\000i\000t\000h\000\040\000P\000A\000S\000S\000s}{chapter.4}% 27
\BOOKMARK [2][-]{subsection.4.2.1}{\376\377\000S\000q\000u\000e\000e\000z\000e\000d\000\040\000s\000t\000a\000t\000e\000s\000\040\000d\000i\000s\000c\000r\000i\000m\000i\000n\000a\000t\000i\000o\000n}{section.4.2}% 28
\BOOKMARK [2][-]{subsection.4.2.2}{\376\377\000P\000A\000S\000S\000\040\000d\000i\000s\000c\000r\000i\000m\000i\000n\000a\000t\000i\000o\000n}{section.4.2}% 29
\BOOKMARK [0][-]{chapter.5}{\376\377\000C\000o\000n\000c\000l\000u\000s\000i\000o\000n}{}% 30
